<?xml version="1.0" encoding="UTF-8"?>
<!-- Generated by org.testng.reporters.JUnitXMLReporter -->
<testsuite hostname="LAPTOP-VT80RB39" ignored="0" name="Test" tests="4" failures="1" timestamp="2020-04-25T13:13:19 IST" time="56.397" errors="0">
  <testcase name="homePageNav" time="0.081" classname="Set_lt.ValidateNavigationPage"/>
  <testcase name="homePageNav" time="0.061" classname="Set_lt.ValidationTitleTest">
    <failure type="java.lang.AssertionError" message="expected [Featured Courses] but found [FEATURED COURSES]">
      <![CDATA[java.lang.AssertionError: expected [Featured Courses] but found [FEATURED COURSES]
at Set_lt.ValidationTitleTest.homePageNav(ValidationTitleTest.java:36)
at java.util.ArrayList.forEach(ArrayList.java:1257)
... Removed 32 stack frames]]>
    </failure>
  </testcase> <!-- homePageNav -->
  <testcase name="homePageNav" time="15.98" classname="Set_lt.TestCaseSet1"/>
  <testcase name="homePageNav" time="8.585" classname="Set_lt.TestCaseSet1"/>
</testsuite> <!-- Test -->
