<?xml version="1.0" encoding="UTF-8"?>
<!-- Generated by org.testng.reporters.JUnitXMLReporter -->
<testsuite hostname="LAPTOP-VT80RB39" ignored="0" name="validating tiltle" tests="1" failures="1" timestamp="2020-04-27T15:26:29 IST" time="12.032" errors="0">
  <testcase name="homePageNav" time="0.094" classname="Set_lt.ValidationTitleTest">
    <failure type="java.lang.AssertionError" message="expected [Featured Courses] but found [FEATURED COURSES]">
      <![CDATA[java.lang.AssertionError: expected [Featured Courses] but found [FEATURED COURSES]
at Set_lt.ValidationTitleTest.homePageNav(ValidationTitleTest.java:36)
at java.util.ArrayList.forEach(ArrayList.java:1257)
... Removed 32 stack frames]]>
    </failure>
  </testcase> <!-- homePageNav -->
</testsuite> <!-- validating tiltle -->
