<?xml version="1.0" encoding="UTF-8"?>
<testng-results skipped="0" failed="1" ignored="0" total="4" passed="3">
  <reporter-output>
  </reporter-output>
  <suite name="Suite" duration-ms="62292" started-at="2020-04-27T15:26:02 IST" finished-at="2020-04-27T15:27:04 IST">
    <groups>
    </groups>
    <test name="validating navigation" duration-ms="15310" started-at="2020-04-27T15:26:02 IST" finished-at="2020-04-27T15:26:17 IST">
      <class name="Set_lt.ValidateNavigationPage">
        <test-method status="PASS" signature="initialize()[pri:0, instance:Set_lt.ValidateNavigationPage@5276e6b0]" name="initialize" is-config="true" duration-ms="10914" started-at="2020-04-27T15:26:02 IST" finished-at="2020-04-27T15:26:13 IST">
          <reporter-output>
          </reporter-output>
        </test-method> <!-- initialize -->
        <test-method status="PASS" signature="homePageNav()[pri:1, instance:Set_lt.ValidateNavigationPage@5276e6b0]" name="homePageNav" duration-ms="124" started-at="2020-04-27T15:26:13 IST" finished-at="2020-04-27T15:26:13 IST">
          <reporter-output>
          </reporter-output>
        </test-method> <!-- homePageNav -->
        <test-method status="PASS" signature="tearDown()[pri:0, instance:Set_lt.ValidateNavigationPage@5276e6b0]" name="tearDown" is-config="true" duration-ms="4145" started-at="2020-04-27T15:26:13 IST" finished-at="2020-04-27T15:26:17 IST">
          <reporter-output>
          </reporter-output>
        </test-method> <!-- tearDown -->
      </class> <!-- Set_lt.ValidateNavigationPage -->
    </test> <!-- validating navigation -->
    <test name="validating tiltle" duration-ms="12032" started-at="2020-04-27T15:26:17 IST" finished-at="2020-04-27T15:26:29 IST">
      <class name="Set_lt.ValidationTitleTest">
        <test-method status="PASS" signature="initialize()[pri:0, instance:Set_lt.ValidationTitleTest@4b14c583]" name="initialize" is-config="true" duration-ms="11027" started-at="2020-04-27T15:26:17 IST" finished-at="2020-04-27T15:26:28 IST">
          <reporter-output>
          </reporter-output>
        </test-method> <!-- initialize -->
        <test-method status="FAIL" signature="homePageNav()[pri:1, instance:Set_lt.ValidationTitleTest@4b14c583]" name="homePageNav" duration-ms="94" started-at="2020-04-27T15:26:28 IST" finished-at="2020-04-27T15:26:28 IST">
          <exception class="java.lang.AssertionError">
            <message>
              <![CDATA[expected [Featured Courses] but found [FEATURED COURSES]]]>
            </message>
            <full-stacktrace>
              <![CDATA[java.lang.AssertionError: expected [Featured Courses] but found [FEATURED COURSES]
at org.testng.Assert.fail(Assert.java:97)
at org.testng.Assert.assertEqualsImpl(Assert.java:136)
at org.testng.Assert.assertEquals(Assert.java:118)
at org.testng.Assert.assertEquals(Assert.java:575)
at org.testng.Assert.assertEquals(Assert.java:585)
at Set_lt.ValidationTitleTest.homePageNav(ValidationTitleTest.java:36)
at sun.reflect.NativeMethodAccessorImpl.invoke0(Native Method)
at sun.reflect.NativeMethodAccessorImpl.invoke(NativeMethodAccessorImpl.java:62)
at sun.reflect.DelegatingMethodAccessorImpl.invoke(DelegatingMethodAccessorImpl.java:43)
at java.lang.reflect.Method.invoke(Method.java:498)
at org.testng.internal.MethodInvocationHelper.invokeMethod(MethodInvocationHelper.java:135)
at org.testng.internal.TestInvoker.invokeMethod(TestInvoker.java:598)
at org.testng.internal.TestInvoker.invokeTestMethod(TestInvoker.java:174)
at org.testng.internal.MethodRunner.runInSequence(MethodRunner.java:46)
at org.testng.internal.TestInvoker$MethodInvocationAgent.invoke(TestInvoker.java:821)
at org.testng.internal.TestInvoker.invokeTestMethods(TestInvoker.java:147)
at org.testng.internal.TestMethodWorker.invokeTestMethods(TestMethodWorker.java:146)
at org.testng.internal.TestMethodWorker.run(TestMethodWorker.java:128)
at java.util.ArrayList.forEach(ArrayList.java:1257)
at org.testng.TestRunner.privateRun(TestRunner.java:767)
at org.testng.TestRunner.run(TestRunner.java:588)
at org.testng.SuiteRunner.runTest(SuiteRunner.java:384)
at org.testng.SuiteRunner.runSequentially(SuiteRunner.java:378)
at org.testng.SuiteRunner.privateRun(SuiteRunner.java:337)
at org.testng.SuiteRunner.run(SuiteRunner.java:286)
at org.testng.SuiteRunnerWorker.runSuite(SuiteRunnerWorker.java:53)
at org.testng.SuiteRunnerWorker.run(SuiteRunnerWorker.java:96)
at org.testng.TestNG.runSuitesSequentially(TestNG.java:1214)
at org.testng.TestNG.runSuitesLocally(TestNG.java:1136)
at org.testng.TestNG.runSuites(TestNG.java:1066)
at org.testng.TestNG.run(TestNG.java:1034)
at org.testng.remote.AbstractRemoteTestNG.run(AbstractRemoteTestNG.java:115)
at org.testng.remote.RemoteTestNG.initAndRun(RemoteTestNG.java:251)
at org.testng.remote.RemoteTestNG.main(RemoteTestNG.java:77)
]]>
            </full-stacktrace>
          </exception> <!-- java.lang.AssertionError -->
          <reporter-output>
          </reporter-output>
        </test-method> <!-- homePageNav -->
        <test-method status="PASS" signature="tearDown()[pri:0, instance:Set_lt.ValidationTitleTest@4b14c583]" name="tearDown" is-config="true" duration-ms="188" started-at="2020-04-27T15:26:29 IST" finished-at="2020-04-27T15:26:29 IST">
          <reporter-output>
          </reporter-output>
        </test-method> <!-- tearDown -->
      </class> <!-- Set_lt.ValidationTitleTest -->
    </test> <!-- validating tiltle -->
    <test name="validating user login" duration-ms="34848" started-at="2020-04-27T15:26:29 IST" finished-at="2020-04-27T15:27:04 IST">
      <class name="Set_lt.TestCaseSet1">
        <test-method status="PASS" signature="initialize()[pri:0, instance:Set_lt.TestCaseSet1@3aefe5e5]" name="initialize" is-config="true" duration-ms="5689" started-at="2020-04-27T15:26:29 IST" finished-at="2020-04-27T15:26:35 IST">
          <reporter-output>
          </reporter-output>
        </test-method> <!-- initialize -->
        <test-method status="PASS" signature="homePageNav(java.lang.String, java.lang.String, java.lang.String)[pri:1, instance:Set_lt.TestCaseSet1@3aefe5e5]" name="homePageNav" duration-ms="18261" started-at="2020-04-27T15:26:35 IST" data-provider="getData" finished-at="2020-04-27T15:26:53 IST">
          <params>
            <param index="0">
              <value>
                <![CDATA[nonrestricteduser@qw.com]]>
              </value>
            </param>
            <param index="1">
              <value>
                <![CDATA[123456]]>
              </value>
            </param>
            <param index="2">
              <value>
                <![CDATA[Restricted User]]>
              </value>
            </param>
          </params>
          <reporter-output>
          </reporter-output>
        </test-method> <!-- homePageNav -->
        <test-method status="PASS" signature="homePageNav(java.lang.String, java.lang.String, java.lang.String)[pri:1, instance:Set_lt.TestCaseSet1@3aefe5e5]" name="homePageNav" duration-ms="10817" started-at="2020-04-27T15:26:53 IST" data-provider="getData" finished-at="2020-04-27T15:27:04 IST">
          <params>
            <param index="0">
              <value>
                <![CDATA[restricteduser@qw.com]]>
              </value>
            </param>
            <param index="1">
              <value>
                <![CDATA[456788]]>
              </value>
            </param>
            <param index="2">
              <value>
                <![CDATA[Non restricted User]]>
              </value>
            </param>
          </params>
          <reporter-output>
          </reporter-output>
        </test-method> <!-- homePageNav -->
        <test-method status="PASS" signature="tearDown()[pri:0, instance:Set_lt.TestCaseSet1@3aefe5e5]" name="tearDown" is-config="true" duration-ms="73" started-at="2020-04-27T15:27:04 IST" finished-at="2020-04-27T15:27:04 IST">
          <reporter-output>
          </reporter-output>
        </test-method> <!-- tearDown -->
      </class> <!-- Set_lt.TestCaseSet1 -->
    </test> <!-- validating user login -->
  </suite> <!-- Suite -->
</testng-results>
